#! /c/iverilog/bin/vvp
:ivl_version "0.9.7 " "(v0_9_7)";
:vpi_time_precision - 12;
:vpi_module "system";
:vpi_module "v2005_math";
:vpi_module "va_math";
S_011E9250 .scope module, "washing_ma" "washing_ma" 2 2;
 .timescale -8 -12;
P_011E90BC .param/l "add_detergent" 2 9, C4<010>;
P_011E90D0 .param/l "check_door" 2 7, C4<000>;
P_011E90E4 .param/l "cycle" 2 10, C4<011>;
P_011E90F8 .param/l "drain_water" 2 11, C4<100>;
P_011E910C .param/l "fill_water" 2 8, C4<001>;
P_011E9120 .param/l "spin" 2 12, C4<101>;
v011E4378_0 .net "clk", 0 0, C4<z>; 0 drivers
v011E4800_0 .var "current_state", 2 0;
v011E4858_0 .net "cycle_timeout", 0 0, C4<z>; 0 drivers
v011E15B0_0 .net "detergent_added", 0 0, C4<z>; 0 drivers
v011E1608_0 .var "done", 0 0;
v011E1660_0 .net "door_close", 0 0, C4<z>; 0 drivers
v011E16B8_0 .var "door_lock", 0 0;
v010FF008_0 .var "drain_value_on", 0 0;
v010FF060_0 .net "drained", 0 0, C4<z>; 0 drivers
v010FF0B8_0 .var "fill_value_on", 0 0;
v010FF110_0 .net "filled", 0 0, C4<z>; 0 drivers
v010FF168_0 .var "motor_on", 0 0;
v010FF1C0_0 .var "next_state", 2 0;
v010FF218_0 .net "reset", 0 0, C4<z>; 0 drivers
v010FF270_0 .var "soap_wash", 0 0;
v010FF2C8_0 .net "spin_timeout", 0 0, C4<z>; 0 drivers
v010FF320_0 .net "start", 0 0, C4<z>; 0 drivers
v010FF760_0 .var "water_wash", 0 0;
E_010C48A8/0 .event negedge, v010FF218_0;
E_010C48A8/1 .event posedge, v011E4378_0;
E_010C48A8 .event/or E_010C48A8/0, E_010C48A8/1;
E_010C4668/0 .event edge, v010FF2C8_0, v011E4858_0, v010FF060_0, v011E15B0_0;
E_010C4668/1 .event edge, v010FF110_0, v011E1660_0, v010FF320_0, v011E4800_0;
E_010C4668 .event/or E_010C4668/0, E_010C4668/1;
    .scope S_011E9250;
T_0 ;
    %wait E_010C4668;
    %load/v 8, v011E4800_0, 3;
    %cmpi/u 8, 0, 3;
    %jmp/1 T_0.0, 6;
    %cmpi/u 8, 1, 3;
    %jmp/1 T_0.1, 6;
    %cmpi/u 8, 2, 3;
    %jmp/1 T_0.2, 6;
    %cmpi/u 8, 3, 3;
    %jmp/1 T_0.3, 6;
    %cmpi/u 8, 4, 3;
    %jmp/1 T_0.4, 6;
    %cmpi/u 8, 5, 3;
    %jmp/1 T_0.5, 6;
    %set/v v010FF1C0_0, 0, 3;
    %jmp T_0.7;
T_0.0 ;
    %load/v 8, v010FF320_0, 1;
    %mov 9, 0, 2;
    %cmpi/u 8, 1, 3;
    %mov 8, 4, 1;
    %load/v 9, v011E1660_0, 1;
    %mov 10, 0, 2;
    %cmpi/u 9, 1, 3;
    %mov 9, 4, 1;
    %and 8, 9, 1;
    %jmp/0xz  T_0.8, 8;
    %movi 8, 1, 3;
    %set/v v010FF1C0_0, 8, 3;
    %set/v v010FF168_0, 0, 1;
    %set/v v010FF0B8_0, 0, 1;
    %set/v v010FF008_0, 0, 1;
    %set/v v011E16B8_0, 1, 1;
    %set/v v010FF270_0, 0, 1;
    %set/v v010FF760_0, 0, 1;
    %set/v v011E1608_0, 0, 1;
    %jmp T_0.9;
T_0.8 ;
    %load/v 8, v011E4800_0, 3;
    %set/v v010FF1C0_0, 8, 3;
    %set/v v010FF168_0, 0, 1;
    %set/v v010FF0B8_0, 0, 1;
    %set/v v010FF008_0, 0, 1;
    %set/v v011E16B8_0, 0, 1;
    %set/v v010FF270_0, 0, 1;
    %set/v v010FF760_0, 0, 1;
    %set/v v011E1608_0, 0, 1;
T_0.9 ;
    %jmp T_0.7;
T_0.1 ;
    %load/v 8, v010FF110_0, 1;
    %mov 9, 0, 2;
    %cmpi/u 8, 1, 3;
    %jmp/0xz  T_0.10, 4;
    %load/v 8, v010FF270_0, 1;
    %mov 9, 0, 1;
    %cmpi/u 8, 0, 2;
    %jmp/0xz  T_0.12, 4;
    %movi 8, 2, 3;
    %set/v v010FF1C0_0, 8, 3;
    %set/v v010FF168_0, 0, 1;
    %set/v v010FF0B8_0, 0, 1;
    %set/v v010FF008_0, 0, 1;
    %set/v v011E16B8_0, 1, 1;
    %set/v v010FF270_0, 1, 1;
    %set/v v010FF760_0, 0, 1;
    %set/v v011E1608_0, 0, 1;
    %jmp T_0.13;
T_0.12 ;
    %movi 8, 3, 3;
    %set/v v010FF1C0_0, 8, 3;
    %set/v v010FF168_0, 0, 1;
    %set/v v010FF0B8_0, 0, 1;
    %set/v v010FF008_0, 0, 1;
    %set/v v011E16B8_0, 1, 1;
    %set/v v010FF270_0, 1, 1;
    %set/v v010FF760_0, 1, 1;
    %set/v v011E1608_0, 0, 1;
T_0.13 ;
    %jmp T_0.11;
T_0.10 ;
    %load/v 8, v011E4800_0, 3;
    %set/v v010FF1C0_0, 8, 3;
    %set/v v010FF168_0, 0, 1;
    %set/v v010FF0B8_0, 1, 1;
    %set/v v010FF008_0, 0, 1;
    %set/v v011E16B8_0, 1, 1;
    %set/v v011E1608_0, 0, 1;
T_0.11 ;
    %jmp T_0.7;
T_0.2 ;
    %load/v 8, v011E15B0_0, 1;
    %mov 9, 0, 2;
    %cmpi/u 8, 1, 3;
    %jmp/0xz  T_0.14, 4;
    %movi 8, 3, 3;
    %set/v v010FF1C0_0, 8, 3;
    %set/v v010FF168_0, 0, 1;
    %set/v v010FF0B8_0, 0, 1;
    %set/v v010FF008_0, 0, 1;
    %set/v v011E16B8_0, 1, 1;
    %set/v v010FF270_0, 1, 1;
    %set/v v011E1608_0, 0, 1;
    %jmp T_0.15;
T_0.14 ;
    %load/v 8, v011E4800_0, 3;
    %set/v v010FF1C0_0, 8, 3;
    %set/v v010FF168_0, 0, 1;
    %set/v v010FF0B8_0, 0, 1;
    %set/v v010FF008_0, 0, 1;
    %set/v v011E16B8_0, 1, 1;
    %set/v v010FF270_0, 1, 1;
    %set/v v010FF760_0, 0, 1;
    %set/v v011E1608_0, 0, 1;
T_0.15 ;
    %jmp T_0.7;
T_0.3 ;
    %load/v 8, v011E4858_0, 1;
    %mov 9, 0, 2;
    %cmpi/u 8, 1, 3;
    %jmp/0xz  T_0.16, 4;
    %movi 8, 4, 3;
    %set/v v010FF1C0_0, 8, 3;
    %set/v v010FF168_0, 0, 1;
    %set/v v010FF0B8_0, 0, 1;
    %set/v v010FF008_0, 0, 1;
    %set/v v011E16B8_0, 1, 1;
    %set/v v011E1608_0, 0, 1;
    %jmp T_0.17;
T_0.16 ;
    %load/v 8, v011E4800_0, 3;
    %set/v v010FF1C0_0, 8, 3;
    %set/v v010FF168_0, 1, 1;
    %set/v v010FF0B8_0, 0, 1;
    %set/v v010FF008_0, 0, 1;
    %set/v v011E16B8_0, 1, 1;
    %set/v v011E1608_0, 0, 1;
T_0.17 ;
    %jmp T_0.7;
T_0.4 ;
    %load/v 8, v010FF060_0, 1;
    %mov 9, 0, 2;
    %cmpi/u 8, 1, 3;
    %jmp/0xz  T_0.18, 4;
    %load/v 8, v010FF760_0, 1;
    %mov 9, 0, 1;
    %cmpi/u 8, 0, 2;
    %jmp/0xz  T_0.20, 4;
    %movi 8, 1, 3;
    %set/v v010FF1C0_0, 8, 3;
    %set/v v010FF168_0, 0, 1;
    %set/v v010FF0B8_0, 0, 1;
    %set/v v010FF008_0, 0, 1;
    %set/v v011E16B8_0, 1, 1;
    %set/v v010FF270_0, 1, 1;
    %set/v v011E1608_0, 0, 1;
    %jmp T_0.21;
T_0.20 ;
    %movi 8, 5, 3;
    %set/v v010FF1C0_0, 8, 3;
    %set/v v010FF168_0, 0, 1;
    %set/v v010FF0B8_0, 0, 1;
    %set/v v010FF008_0, 0, 1;
    %set/v v011E16B8_0, 1, 1;
    %set/v v010FF270_0, 1, 1;
    %set/v v010FF760_0, 1, 1;
    %set/v v011E1608_0, 0, 1;
T_0.21 ;
    %jmp T_0.19;
T_0.18 ;
    %load/v 8, v011E4800_0, 3;
    %set/v v010FF1C0_0, 8, 3;
    %set/v v010FF168_0, 0, 1;
    %set/v v010FF0B8_0, 0, 1;
    %set/v v010FF008_0, 1, 1;
    %set/v v011E16B8_0, 1, 1;
    %set/v v010FF270_0, 1, 1;
    %set/v v011E1608_0, 0, 1;
T_0.19 ;
    %jmp T_0.7;
T_0.5 ;
    %load/v 8, v010FF2C8_0, 1;
    %mov 9, 0, 2;
    %cmpi/u 8, 1, 3;
    %jmp/0xz  T_0.22, 4;
    %load/v 8, v011E1660_0, 1;
    %mov 9, 0, 2;
    %set/v v010FF1C0_0, 8, 3;
    %set/v v010FF168_0, 0, 1;
    %set/v v010FF0B8_0, 0, 1;
    %set/v v010FF008_0, 0, 1;
    %set/v v011E16B8_0, 1, 1;
    %set/v v010FF270_0, 1, 1;
    %set/v v010FF760_0, 1, 1;
    %set/v v011E1608_0, 1, 1;
    %jmp T_0.23;
T_0.22 ;
    %load/v 8, v011E4800_0, 3;
    %set/v v010FF1C0_0, 8, 3;
    %set/v v010FF168_0, 0, 1;
    %set/v v010FF0B8_0, 0, 1;
    %set/v v010FF008_0, 1, 1;
    %set/v v011E16B8_0, 1, 1;
    %set/v v010FF270_0, 1, 1;
    %set/v v010FF760_0, 1, 1;
    %set/v v011E1608_0, 0, 1;
T_0.23 ;
    %jmp T_0.7;
T_0.7 ;
    %jmp T_0;
    .thread T_0, $push;
    .scope S_011E9250;
T_1 ;
    %wait E_010C48A8;
    %load/v 8, v010FF218_0, 1;
    %jmp/0xz  T_1.0, 8;
    %ix/load 0, 3, 0;
    %assign/v0 v011E4800_0, 0, 0;
    %jmp T_1.1;
T_1.0 ;
    %load/v 8, v010FF1C0_0, 3;
    %ix/load 0, 3, 0;
    %assign/v0 v011E4800_0, 0, 8;
T_1.1 ;
    %jmp T_1;
    .thread T_1;
# The file index is used to find the file name in the following table.
:file_names 3;
    "N/A";
    "<interactive>";
    "project_washing_m.v";
