#! /c/iverilog/bin/vvp
:ivl_version "0.9.7 " "(v0_9_7)";
:vpi_time_precision - 12;
:vpi_module "system";
:vpi_module "v2005_math";
:vpi_module "va_math";
S_01198A28 .scope module, "test" "test" 2 2;
 .timescale -8 -12;
v010AF818_0 .var "clk", 0 0;
v010AF870_0 .var "cycle_timeout", 0 0;
v010AF710_0 .var "detergent_added", 0 0;
v010AFAD8_0 .net "done", 0 0, v010A7BE0_0; 1 drivers
v010AF4A8_0 .var "door_close", 0 0;
v010AF5B0_0 .net "door_lock", 0 0, v010B7F38_0; 1 drivers
v010AF9D0_0 .net "drain_value_on", 0 0, v010B7F90_0; 1 drivers
v010AF500_0 .var "drained", 0 0;
v010AF608_0 .net "fill_value_on", 0 0, v011915E8_0; 1 drivers
v010AFB30_0 .var "filled", 0 0;
v010AF768_0 .net "motor_on", 0 0, v01191698_0; 1 drivers
v010AF8C8_0 .var "reset", 0 0;
v010AF7C0_0 .net "soap_wash", 0 0, v010AF320_0; 1 drivers
v010AFA28_0 .var "spin_timeout", 0 0;
v010AF920_0 .var "start", 0 0;
v010AF450_0 .net "water_wash", 0 0, v010AF558_0; 1 drivers
S_01198E68 .scope module, "machine_1" "washing_ma" 2 5, 3 2, S_01198A28;
 .timescale -8 -12;
P_0119891C .param/l "add_detergent" 3 9, C4<010>;
P_01198930 .param/l "check_door" 3 7, C4<000>;
P_01198944 .param/l "cycle" 3 10, C4<011>;
P_01198958 .param/l "drain_water" 3 11, C4<100>;
P_0119896C .param/l "fill_water" 3 8, C4<001>;
P_01198980 .param/l "spin" 3 12, C4<101>;
v01194378_0 .net "clk", 0 0, v010AF818_0; 1 drivers
v01194800_0 .var "current_state", 2 0;
v01194858_0 .net "cycle_timeout", 0 0, v010AF870_0; 1 drivers
v010A7B88_0 .net "detergent_added", 0 0, v010AF710_0; 1 drivers
v010A7BE0_0 .var "done", 0 0;
v010A7C38_0 .net "door_close", 0 0, v010AF4A8_0; 1 drivers
v010B7F38_0 .var "door_lock", 0 0;
v010B7F90_0 .var "drain_value_on", 0 0;
v010B7FE8_0 .net "drained", 0 0, v010AF500_0; 1 drivers
v011915E8_0 .var "fill_value_on", 0 0;
v01191640_0 .net "filled", 0 0, v010AFB30_0; 1 drivers
v01191698_0 .var "motor_on", 0 0;
v011916F0_0 .var "next_state", 2 0;
v010AF2C8_0 .net "reset", 0 0, v010AF8C8_0; 1 drivers
v010AF320_0 .var "soap_wash", 0 0;
v010AF378_0 .net "spin_timeout", 0 0, v010AFA28_0; 1 drivers
v010AF3D0_0 .net "start", 0 0, v010AF920_0; 1 drivers
v010AF558_0 .var "water_wash", 0 0;
E_010A1FC8/0 .event negedge, v010AF2C8_0;
E_010A1FC8/1 .event posedge, v01194378_0;
E_010A1FC8 .event/or E_010A1FC8/0, E_010A1FC8/1;
E_010A1E48/0 .event edge, v010AF378_0, v01194858_0, v010B7FE8_0, v010A7B88_0;
E_010A1E48/1 .event edge, v01191640_0, v010A7C38_0, v010AF3D0_0, v01194800_0;
E_010A1E48 .event/or E_010A1E48/0, E_010A1E48/1;
    .scope S_01198E68;
T_0 ;
    %wait E_010A1E48;
    %load/v 8, v01194800_0, 3;
    %cmpi/u 8, 0, 3;
    %jmp/1 T_0.0, 6;
    %cmpi/u 8, 1, 3;
    %jmp/1 T_0.1, 6;
    %cmpi/u 8, 2, 3;
    %jmp/1 T_0.2, 6;
    %cmpi/u 8, 3, 3;
    %jmp/1 T_0.3, 6;
    %cmpi/u 8, 4, 3;
    %jmp/1 T_0.4, 6;
    %cmpi/u 8, 5, 3;
    %jmp/1 T_0.5, 6;
    %set/v v011916F0_0, 0, 3;
    %jmp T_0.7;
T_0.0 ;
    %load/v 8, v010AF3D0_0, 1;
    %mov 9, 0, 2;
    %cmpi/u 8, 1, 3;
    %mov 8, 4, 1;
    %load/v 9, v010A7C38_0, 1;
    %mov 10, 0, 2;
    %cmpi/u 9, 1, 3;
    %mov 9, 4, 1;
    %and 8, 9, 1;
    %jmp/0xz  T_0.8, 8;
    %movi 8, 1, 3;
    %set/v v011916F0_0, 8, 3;
    %set/v v01191698_0, 0, 1;
    %set/v v011915E8_0, 0, 1;
    %set/v v010B7F90_0, 0, 1;
    %set/v v010B7F38_0, 1, 1;
    %set/v v010AF320_0, 0, 1;
    %set/v v010AF558_0, 0, 1;
    %set/v v010A7BE0_0, 0, 1;
    %jmp T_0.9;
T_0.8 ;
    %load/v 8, v01194800_0, 3;
    %set/v v011916F0_0, 8, 3;
    %set/v v01191698_0, 0, 1;
    %set/v v011915E8_0, 0, 1;
    %set/v v010B7F90_0, 0, 1;
    %set/v v010B7F38_0, 0, 1;
    %set/v v010AF320_0, 0, 1;
    %set/v v010AF558_0, 0, 1;
    %set/v v010A7BE0_0, 0, 1;
T_0.9 ;
    %jmp T_0.7;
T_0.1 ;
    %load/v 8, v01191640_0, 1;
    %mov 9, 0, 2;
    %cmpi/u 8, 1, 3;
    %jmp/0xz  T_0.10, 4;
    %load/v 8, v010AF320_0, 1;
    %mov 9, 0, 1;
    %cmpi/u 8, 0, 2;
    %jmp/0xz  T_0.12, 4;
    %movi 8, 2, 3;
    %set/v v011916F0_0, 8, 3;
    %set/v v01191698_0, 0, 1;
    %set/v v011915E8_0, 0, 1;
    %set/v v010B7F90_0, 0, 1;
    %set/v v010B7F38_0, 1, 1;
    %set/v v010AF320_0, 1, 1;
    %set/v v010AF558_0, 0, 1;
    %set/v v010A7BE0_0, 0, 1;
    %jmp T_0.13;
T_0.12 ;
    %movi 8, 3, 3;
    %set/v v011916F0_0, 8, 3;
    %set/v v01191698_0, 0, 1;
    %set/v v011915E8_0, 0, 1;
    %set/v v010B7F90_0, 0, 1;
    %set/v v010B7F38_0, 1, 1;
    %set/v v010AF320_0, 1, 1;
    %set/v v010AF558_0, 1, 1;
    %set/v v010A7BE0_0, 0, 1;
T_0.13 ;
    %jmp T_0.11;
T_0.10 ;
    %load/v 8, v01194800_0, 3;
    %set/v v011916F0_0, 8, 3;
    %set/v v01191698_0, 0, 1;
    %set/v v011915E8_0, 1, 1;
    %set/v v010B7F90_0, 0, 1;
    %set/v v010B7F38_0, 1, 1;
    %set/v v010A7BE0_0, 0, 1;
T_0.11 ;
    %jmp T_0.7;
T_0.2 ;
    %load/v 8, v010A7B88_0, 1;
    %mov 9, 0, 2;
    %cmpi/u 8, 1, 3;
    %jmp/0xz  T_0.14, 4;
    %movi 8, 3, 3;
    %set/v v011916F0_0, 8, 3;
    %set/v v01191698_0, 0, 1;
    %set/v v011915E8_0, 0, 1;
    %set/v v010B7F90_0, 0, 1;
    %set/v v010B7F38_0, 1, 1;
    %set/v v010AF320_0, 1, 1;
    %set/v v010A7BE0_0, 0, 1;
    %jmp T_0.15;
T_0.14 ;
    %load/v 8, v01194800_0, 3;
    %set/v v011916F0_0, 8, 3;
    %set/v v01191698_0, 0, 1;
    %set/v v011915E8_0, 0, 1;
    %set/v v010B7F90_0, 0, 1;
    %set/v v010B7F38_0, 1, 1;
    %set/v v010AF320_0, 1, 1;
    %set/v v010AF558_0, 0, 1;
    %set/v v010A7BE0_0, 0, 1;
T_0.15 ;
    %jmp T_0.7;
T_0.3 ;
    %load/v 8, v01194858_0, 1;
    %mov 9, 0, 2;
    %cmpi/u 8, 1, 3;
    %jmp/0xz  T_0.16, 4;
    %movi 8, 4, 3;
    %set/v v011916F0_0, 8, 3;
    %set/v v01191698_0, 0, 1;
    %set/v v011915E8_0, 0, 1;
    %set/v v010B7F90_0, 0, 1;
    %set/v v010B7F38_0, 1, 1;
    %set/v v010A7BE0_0, 0, 1;
    %jmp T_0.17;
T_0.16 ;
    %load/v 8, v01194800_0, 3;
    %set/v v011916F0_0, 8, 3;
    %set/v v01191698_0, 1, 1;
    %set/v v011915E8_0, 0, 1;
    %set/v v010B7F90_0, 0, 1;
    %set/v v010B7F38_0, 1, 1;
    %set/v v010A7BE0_0, 0, 1;
T_0.17 ;
    %jmp T_0.7;
T_0.4 ;
    %load/v 8, v010B7FE8_0, 1;
    %mov 9, 0, 2;
    %cmpi/u 8, 1, 3;
    %jmp/0xz  T_0.18, 4;
    %load/v 8, v010AF558_0, 1;
    %mov 9, 0, 1;
    %cmpi/u 8, 0, 2;
    %jmp/0xz  T_0.20, 4;
    %movi 8, 1, 3;
    %set/v v011916F0_0, 8, 3;
    %set/v v01191698_0, 0, 1;
    %set/v v011915E8_0, 0, 1;
    %set/v v010B7F90_0, 0, 1;
    %set/v v010B7F38_0, 1, 1;
    %set/v v010AF320_0, 1, 1;
    %set/v v010A7BE0_0, 0, 1;
    %jmp T_0.21;
T_0.20 ;
    %movi 8, 5, 3;
    %set/v v011916F0_0, 8, 3;
    %set/v v01191698_0, 0, 1;
    %set/v v011915E8_0, 0, 1;
    %set/v v010B7F90_0, 0, 1;
    %set/v v010B7F38_0, 1, 1;
    %set/v v010AF320_0, 1, 1;
    %set/v v010AF558_0, 1, 1;
    %set/v v010A7BE0_0, 0, 1;
T_0.21 ;
    %jmp T_0.19;
T_0.18 ;
    %load/v 8, v01194800_0, 3;
    %set/v v011916F0_0, 8, 3;
    %set/v v01191698_0, 0, 1;
    %set/v v011915E8_0, 0, 1;
    %set/v v010B7F90_0, 1, 1;
    %set/v v010B7F38_0, 1, 1;
    %set/v v010AF320_0, 1, 1;
    %set/v v010A7BE0_0, 0, 1;
T_0.19 ;
    %jmp T_0.7;
T_0.5 ;
    %load/v 8, v010AF378_0, 1;
    %mov 9, 0, 2;
    %cmpi/u 8, 1, 3;
    %jmp/0xz  T_0.22, 4;
    %load/v 8, v010A7C38_0, 1;
    %mov 9, 0, 2;
    %set/v v011916F0_0, 8, 3;
    %set/v v01191698_0, 0, 1;
    %set/v v011915E8_0, 0, 1;
    %set/v v010B7F90_0, 0, 1;
    %set/v v010B7F38_0, 1, 1;
    %set/v v010AF320_0, 1, 1;
    %set/v v010AF558_0, 1, 1;
    %set/v v010A7BE0_0, 1, 1;
    %jmp T_0.23;
T_0.22 ;
    %load/v 8, v01194800_0, 3;
    %set/v v011916F0_0, 8, 3;
    %set/v v01191698_0, 0, 1;
    %set/v v011915E8_0, 0, 1;
    %set/v v010B7F90_0, 1, 1;
    %set/v v010B7F38_0, 1, 1;
    %set/v v010AF320_0, 1, 1;
    %set/v v010AF558_0, 1, 1;
    %set/v v010A7BE0_0, 0, 1;
T_0.23 ;
    %jmp T_0.7;
T_0.7 ;
    %jmp T_0;
    .thread T_0, $push;
    .scope S_01198E68;
T_1 ;
    %wait E_010A1FC8;
    %load/v 8, v010AF2C8_0, 1;
    %jmp/0xz  T_1.0, 8;
    %ix/load 0, 3, 0;
    %assign/v0 v01194800_0, 0, 0;
    %jmp T_1.1;
T_1.0 ;
    %load/v 8, v011916F0_0, 3;
    %ix/load 0, 3, 0;
    %assign/v0 v01194800_0, 0, 8;
T_1.1 ;
    %jmp T_1;
    .thread T_1;
    .scope S_01198A28;
T_2 ;
    %set/v v010AF818_0, 0, 1;
    %set/v v010AF8C8_0, 1, 1;
    %set/v v010AF920_0, 0, 1;
    %set/v v010AF4A8_0, 0, 1;
    %set/v v010AFB30_0, 0, 1;
    %set/v v010AF500_0, 0, 1;
    %set/v v010AF710_0, 0, 1;
    %set/v v010AF870_0, 0, 1;
    %set/v v010AFA28_0, 0, 1;
    %delay 50000, 0;
    %set/v v010AF8C8_0, 0, 1;
    %delay 50000, 0;
    %set/v v010AF920_0, 1, 1;
    %set/v v010AF4A8_0, 1, 1;
    %delay 100000, 0;
    %set/v v010AFB30_0, 1, 1;
    %delay 100000, 0;
    %set/v v010AF710_0, 1, 1;
    %delay 100000, 0;
    %set/v v010AF870_0, 1, 1;
    %delay 100000, 0;
    %set/v v010AF500_0, 1, 1;
    %delay 100000, 0;
    %set/v v010AFA28_0, 1, 1;
    %end;
    .thread T_2;
    .scope S_01198A28;
T_3 ;
    %delay 50000, 0;
    %load/v 8, v010AF818_0, 1;
    %inv 8, 1;
    %set/v v010AF818_0, 8, 1;
    %jmp T_3;
    .thread T_3;
    .scope S_01198A28;
T_4 ;
    %vpi_call 2 33 "$monitor", "Time= %d, Clock=%b, Reset= %b, start= %b, door_close=%b, filled =%b,detergent_added =%b, cycle_timeout =%b, drained=%b, spin_timeout =%b, door_lock= %b,motor_on=%b, fill_value_on =%b, drain_value_on=%b,soap_wash=%b, water_wash =%b,done=%b", $time, v010AF818_0, v010AF8C8_0, v010AF4A8_0, v010AF920_0, v010AFB30_0, v010AF710_0, v010AF870_0, v010AF500_0, v010AFA28_0, v010AF5B0_0, v010AF768_0, v010AF608_0, v010AF9D0_0, v010AF7C0_0, v010AF450_0, v010AFAD8_0;
    %end;
    .thread T_4;
# The file index is used to find the file name in the following table.
:file_names 4;
    "N/A";
    "<interactive>";
    "project_washing_m_tb.v";
    "./project_washing_m.v";
